build/app/intermediates/manifest_merge_blame_file/debug/manifest-merger-blame-debug-report.txt
1<?xml version="1.0" encoding="utf-8"?>
2<manifest xmlns:android="http://schemas.android.com/apk/res/android"
3    package="com.securedoor.startandearn.start_and_earn"
4    android:versionCode="1"
5    android:versionName="1.0.0" >
6
7    <uses-sdk
8        android:minSdkVersion="21"
9        android:targetSdkVersion="33" />
10    <!--
11         The INTERNET permission is required for development. Specifically,
12         the Flutter tool needs it to communicate with the running application
13         to allow setting breakpoints, to provide hot reload, etc.
14    -->
15    <uses-permission android:name="android.permission.INTERNET" />
15-->src\main\AndroidManifest.xml:3:5-66
15-->src\main\AndroidManifest.xml:3:22-64
16    <uses-permission android:name="android.permission.ACCESS_NETWORK_STATE" />
16-->src\main\AndroidManifest.xml:4:5-79
16-->src\main\AndroidManifest.xml:4:22-76
17    <uses-permission android:name="android.permission.WRITE_EXTERNAL_STORAGE" />
17-->src\main\AndroidManifest.xml:5:5-81
17-->src\main\AndroidManifest.xml:5:22-78
18    <uses-permission android:name="android.permission.WAKE_LOCK" /> <!-- Permissions options for the `notification` group -->
18-->[:firebase_messaging] AndroidManifest.xml:10:5-68
18-->[:firebase_messaging] AndroidManifest.xml:10:22-65
19    <uses-permission android:name="android.permission.POST_NOTIFICATIONS" />
19-->[:firebase_messaging] AndroidManifest.xml:13:5-77
19-->[:firebase_messaging] AndroidManifest.xml:13:22-74
20    <uses-permission android:name="android.permission.READ_EXTERNAL_STORAGE" />
20-->[:file_picker] AndroidManifest.xml:9:5-80
20-->[:file_picker] AndroidManifest.xml:9:22-77
21
22    <queries>
22-->[:file_picker] AndroidManifest.xml:11:5-17:15
23        <intent>
23-->[:file_picker] AndroidManifest.xml:12:9-16:18
24            <action android:name="android.intent.action.GET_CONTENT" />
24-->[:file_picker] AndroidManifest.xml:13:13-72
24-->[:file_picker] AndroidManifest.xml:13:21-69
25
26            <data android:mimeType="*/*" />
26-->[:file_picker] AndroidManifest.xml:15:13-44
26-->[:file_picker] AndroidManifest.xml:15:19-41
27        </intent>
28
29        <package android:name="com.facebook.katana" />
29-->[com.facebook.android:facebook-common:15.0.2] AndroidManifest.xml:30:9-55
29-->[com.facebook.android:facebook-common:15.0.2] AndroidManifest.xml:30:18-52
30    </queries>
31
32    <uses-permission android:name="com.google.android.gms.permission.AD_ID" /> <!-- Required by older versions of Google Play services to create IID tokens -->
32-->[com.unity3d.ads:unity-ads:4.9.1] AndroidManifest.xml:10:5-79
32-->[com.unity3d.ads:unity-ads:4.9.1] AndroidManifest.xml:10:22-76
33    <uses-permission android:name="com.google.android.c2dm.permission.RECEIVE" />
33-->[com.google.firebase:firebase-messaging:23.3.1] AndroidManifest.xml:26:5-82
33-->[com.google.firebase:firebase-messaging:23.3.1] AndroidManifest.xml:26:22-79
34    <uses-permission android:name="android.permission.ACCESS_ADSERVICES_ATTRIBUTION" />
34-->[com.google.android.gms:play-services-measurement-api:21.5.0] AndroidManifest.xml:26:5-88
34-->[com.google.android.gms:play-services-measurement-api:21.5.0] AndroidManifest.xml:26:22-85
35    <uses-permission android:name="android.permission.ACCESS_ADSERVICES_AD_ID" />
35-->[com.google.android.gms:play-services-measurement-api:21.5.0] AndroidManifest.xml:27:5-82
35-->[com.google.android.gms:play-services-measurement-api:21.5.0] AndroidManifest.xml:27:22-79
36    <uses-permission android:name="com.google.android.finsky.permission.BIND_GET_INSTALL_REFERRER_SERVICE" />
36-->[com.google.android.gms:play-services-measurement:21.5.0] AndroidManifest.xml:26:5-110
36-->[com.google.android.gms:play-services-measurement:21.5.0] AndroidManifest.xml:26:22-107
37
38    <permission
38-->[androidx.core:core:1.10.1] AndroidManifest.xml:22:5-24:47
39        android:name="com.securedoor.startandearn.start_and_earn.DYNAMIC_RECEIVER_NOT_EXPORTED_PERMISSION"
39-->[androidx.core:core:1.10.1] AndroidManifest.xml:23:9-81
40        android:protectionLevel="signature" />
40-->[androidx.core:core:1.10.1] AndroidManifest.xml:24:9-44
41
42    <uses-permission android:name="com.securedoor.startandearn.start_and_earn.DYNAMIC_RECEIVER_NOT_EXPORTED_PERMISSION" />
42-->[androidx.core:core:1.10.1] AndroidManifest.xml:26:5-97
42-->[androidx.core:core:1.10.1] AndroidManifest.xml:26:22-94
43
44    <application
45        android:name="android.app.Application"
46        android:appComponentFactory="androidx.core.app.CoreComponentFactory"
46-->[androidx.core:core:1.10.1] AndroidManifest.xml:28:18-86
47        android:debuggable="true"
48        android:hardwareAccelerated="true"
48-->[:facebook_audience_network] AndroidManifest.xml:9:18-52
49        android:icon="@mipmap/ic_launcher"
50        android:label="Start Earn"
51        android:supportsRtl="true" >
51-->[com.facebook.android:facebook-login:15.0.2] AndroidManifest.xml:28:18-44
52        <meta-data
53            android:name="com.facebook.sdk.ApplicationId"
54            android:value="@string/facebook_app_id" />
55        <meta-data
56            android:name="com.facebook.sdk.ClientToken"
57            android:value="@string/facebook_client_token" />
58        <!-- Sample AdMob app ID: ca-app-pub-3940256099942544~3347511713 -->
59        <meta-data
60            android:name="com.google.android.gms.ads.APPLICATION_ID"
61            android:value="ca-app-pub-3940256099942544~3347511713" />
62
63        <activity
64            android:name="com.securedoor.startandearn.start_and_earn.MainActivity"
65            android:configChanges="orientation|keyboardHidden|keyboard|screenSize|smallestScreenSize|locale|layoutDirection|fontScale|screenLayout|density|uiMode"
66            android:exported="true"
67            android:hardwareAccelerated="true"
68            android:launchMode="singleTop"
69            android:theme="@style/LaunchTheme"
70            android:windowSoftInputMode="adjustResize" >
71
72            <!--
73                 Specifies an Android theme to apply to this Activity as soon as
74                 the Android process has started. This theme is visible to the user
75                 while the Flutter UI initializes. After that, this theme continues
76                 to determine the Window background behind the Flutter UI.
77            -->
78            <meta-data
79                android:name="io.flutter.embedding.android.NormalTheme"
80                android:resource="@style/NormalTheme" />
81
82            <intent-filter>
83                <action android:name="android.intent.action.MAIN" />
84
85                <category android:name="android.intent.category.LAUNCHER" />
86            </intent-filter>
87        </activity>
88        <activity
89            android:name="com.yalantis.ucrop.UCropActivity"
90            android:screenOrientation="portrait"
91            android:theme="@style/Theme.AppCompat.Light.NoActionBar" />
92        <!--
93             Don't delete the meta-data below.
94             This is used by the Flutter tool to generate GeneratedPluginRegistrant.java
95        -->
96        <meta-data
97            android:name="flutterEmbedding"
98            android:value="2" />
99
100        <activity
101            android:name="com.facebook.FacebookActivity"
102            android:configChanges="keyboard|keyboardHidden|screenLayout|screenSize|orientation"
103            android:label="@string/app_name"
104            android:theme="@style/com_facebook_activity_theme" />
104-->[com.facebook.android:facebook-common:15.0.2] AndroidManifest.xml:37:13-63
105        <activity
106            android:name="com.facebook.CustomTabActivity"
107            android:exported="true" >
108            <intent-filter>
109                <action android:name="android.intent.action.VIEW" />
109-->[com.google.firebase:firebase-auth:22.3.0] AndroidManifest.xml:36:17-69
109-->[com.google.firebase:firebase-auth:22.3.0] AndroidManifest.xml:36:25-66
110
111                <category android:name="android.intent.category.DEFAULT" />
111-->[com.google.firebase:firebase-auth:22.3.0] AndroidManifest.xml:38:17-76
111-->[com.google.firebase:firebase-auth:22.3.0] AndroidManifest.xml:38:27-73
112                <category android:name="android.intent.category.BROWSABLE" />
112-->[com.google.firebase:firebase-auth:22.3.0] AndroidManifest.xml:39:17-78
112-->[com.google.firebase:firebase-auth:22.3.0] AndroidManifest.xml:39:27-75
113
114                <data android:scheme="@string/fb_login_protocol_scheme" />
114-->[:file_picker] AndroidManifest.xml:15:13-44
115            </intent-filter>
116            <intent-filter>
116-->[com.facebook.android:facebook-common:15.0.2] AndroidManifest.xml:43:13-52:29
117                <action android:name="android.intent.action.VIEW" />
117-->[com.google.firebase:firebase-auth:22.3.0] AndroidManifest.xml:36:17-69
117-->[com.google.firebase:firebase-auth:22.3.0] AndroidManifest.xml:36:25-66
118
119                <category android:name="android.intent.category.DEFAULT" />
119-->[com.google.firebase:firebase-auth:22.3.0] AndroidManifest.xml:38:17-76
119-->[com.google.firebase:firebase-auth:22.3.0] AndroidManifest.xml:38:27-73
120                <category android:name="android.intent.category.BROWSABLE" />
120-->[com.google.firebase:firebase-auth:22.3.0] AndroidManifest.xml:39:17-78
120-->[com.google.firebase:firebase-auth:22.3.0] AndroidManifest.xml:39:27-75
121
122                <data
122-->[:file_picker] AndroidManifest.xml:15:13-44
123                    android:host="cct.com.securedoor.startandearn.start_and_earn"
124                    android:scheme="fbconnect" />
125            </intent-filter>
126        </activity>
127
128        <service
128-->[:firebase_database] AndroidManifest.xml:10:9-14:19
129            android:name="com.google.firebase.components.ComponentDiscoveryService"
129-->[:firebase_database] AndroidManifest.xml:10:18-89
130            android:directBootAware="true"
130-->[com.google.firebase:firebase-common:20.4.2] AndroidManifest.xml:32:13-43
131            android:exported="false" >
131-->[com.google.firebase:firebase-analytics-ktx:21.5.0] AndroidManifest.xml:10:13-37
132            <meta-data
132-->[:firebase_database] AndroidManifest.xml:11:13-13:85
133                android:name="com.google.firebase.components:io.flutter.plugins.firebase.database.FlutterFirebaseAppRegistrar"
133-->[:firebase_database] AndroidManifest.xml:12:17-127
134                android:value="com.google.firebase.components.ComponentRegistrar" />
134-->[:firebase_database] AndroidManifest.xml:13:17-82
135            <meta-data
135-->[:cloud_firestore] AndroidManifest.xml:11:13-13:85
136                android:name="com.google.firebase.components:io.flutter.plugins.firebase.firestore.FlutterFirebaseFirestoreRegistrar"
136-->[:cloud_firestore] AndroidManifest.xml:12:17-134
137                android:value="com.google.firebase.components.ComponentRegistrar" />
137-->[:cloud_firestore] AndroidManifest.xml:13:17-82
138            <meta-data
138-->[:firebase_auth] AndroidManifest.xml:11:13-13:85
139                android:name="com.google.firebase.components:io.flutter.plugins.firebase.auth.FlutterFirebaseAuthRegistrar"
139-->[:firebase_auth] AndroidManifest.xml:12:17-124
140                android:value="com.google.firebase.components.ComponentRegistrar" />
140-->[:firebase_auth] AndroidManifest.xml:13:17-82
141            <meta-data
141-->[:firebase_storage] AndroidManifest.xml:11:13-13:85
142                android:name="com.google.firebase.components:io.flutter.plugins.firebase.storage.FlutterFirebaseAppRegistrar"
142-->[:firebase_storage] AndroidManifest.xml:12:17-126
143                android:value="com.google.firebase.components.ComponentRegistrar" />
143-->[:firebase_storage] AndroidManifest.xml:13:17-82
144            <meta-data
144-->[:firebase_messaging] AndroidManifest.xml:38:13-40:85
145                android:name="com.google.firebase.components:io.flutter.plugins.firebase.messaging.FlutterFirebaseAppRegistrar"
145-->[:firebase_messaging] AndroidManifest.xml:39:17-128
146                android:value="com.google.firebase.components.ComponentRegistrar" />
146-->[:firebase_messaging] AndroidManifest.xml:40:17-82
147            <meta-data
147-->[:firebase_core] AndroidManifest.xml:11:13-13:85
148                android:name="com.google.firebase.components:io.flutter.plugins.firebase.core.FlutterFirebaseCoreRegistrar"
148-->[:firebase_core] AndroidManifest.xml:12:17-124
149                android:value="com.google.firebase.components.ComponentRegistrar" />
149-->[:firebase_core] AndroidManifest.xml:13:17-82
150            <meta-data
150-->[com.google.firebase:firebase-analytics-ktx:21.5.0] AndroidManifest.xml:11:13-13:85
151                android:name="com.google.firebase.components:com.google.firebase.analytics.ktx.FirebaseAnalyticsLegacyRegistrar"
151-->[com.google.firebase:firebase-analytics-ktx:21.5.0] AndroidManifest.xml:12:17-129
152                android:value="com.google.firebase.components.ComponentRegistrar" />
152-->[com.google.firebase:firebase-analytics-ktx:21.5.0] AndroidManifest.xml:13:17-82
153            <meta-data
153-->[com.google.firebase:firebase-database:20.3.0] AndroidManifest.xml:29:13-31:85
154                android:name="com.google.firebase.components:com.google.firebase.database.FirebaseDatabaseKtxRegistrar"
154-->[com.google.firebase:firebase-database:20.3.0] AndroidManifest.xml:30:17-120
155                android:value="com.google.firebase.components.ComponentRegistrar" />
155-->[com.google.firebase:firebase-database:20.3.0] AndroidManifest.xml:31:17-82
156            <meta-data
156-->[com.google.firebase:firebase-database:20.3.0] AndroidManifest.xml:32:13-34:85
157                android:name="com.google.firebase.components:com.google.firebase.database.DatabaseRegistrar"
157-->[com.google.firebase:firebase-database:20.3.0] AndroidManifest.xml:33:17-109
158                android:value="com.google.firebase.components.ComponentRegistrar" />
158-->[com.google.firebase:firebase-database:20.3.0] AndroidManifest.xml:34:17-82
159            <meta-data
159-->[com.google.firebase:firebase-firestore:24.9.1] AndroidManifest.xml:17:13-19:85
160                android:name="com.google.firebase.components:com.google.firebase.firestore.FirebaseFirestoreKtxRegistrar"
160-->[com.google.firebase:firebase-firestore:24.9.1] AndroidManifest.xml:18:17-122
161                android:value="com.google.firebase.components.ComponentRegistrar" />
161-->[com.google.firebase:firebase-firestore:24.9.1] AndroidManifest.xml:19:17-82
162            <meta-data
162-->[com.google.firebase:firebase-firestore:24.9.1] AndroidManifest.xml:20:13-22:85
163                android:name="com.google.firebase.components:com.google.firebase.firestore.FirestoreRegistrar"
163-->[com.google.firebase:firebase-firestore:24.9.1] AndroidManifest.xml:21:17-111
164                android:value="com.google.firebase.components.ComponentRegistrar" />
164-->[com.google.firebase:firebase-firestore:24.9.1] AndroidManifest.xml:22:17-82
165            <meta-data
165-->[com.google.firebase:firebase-auth:22.3.0] AndroidManifest.xml:69:13-71:85
166                android:name="com.google.firebase.components:com.google.firebase.auth.FirebaseAuthRegistrar"
166-->[com.google.firebase:firebase-auth:22.3.0] AndroidManifest.xml:70:17-109
167                android:value="com.google.firebase.components.ComponentRegistrar" />
167-->[com.google.firebase:firebase-auth:22.3.0] AndroidManifest.xml:71:17-82
168            <meta-data
168-->[com.google.firebase:firebase-storage:20.3.0] AndroidManifest.xml:30:13-32:85
169                android:name="com.google.firebase.components:com.google.firebase.storage.FirebaseStorageKtxRegistrar"
169-->[com.google.firebase:firebase-storage:20.3.0] AndroidManifest.xml:31:17-118
170                android:value="com.google.firebase.components.ComponentRegistrar" />
170-->[com.google.firebase:firebase-storage:20.3.0] AndroidManifest.xml:32:17-82
171            <meta-data
171-->[com.google.firebase:firebase-storage:20.3.0] AndroidManifest.xml:33:13-35:85
172                android:name="com.google.firebase.components:com.google.firebase.storage.StorageRegistrar"
172-->[com.google.firebase:firebase-storage:20.3.0] AndroidManifest.xml:34:17-107
173                android:value="com.google.firebase.components.ComponentRegistrar" />
173-->[com.google.firebase:firebase-storage:20.3.0] AndroidManifest.xml:35:17-82
174            <meta-data
174-->[com.google.firebase:firebase-messaging:23.3.1] AndroidManifest.xml:57:13-59:85
175                android:name="com.google.firebase.components:com.google.firebase.messaging.FirebaseMessagingKtxRegistrar"
175-->[com.google.firebase:firebase-messaging:23.3.1] AndroidManifest.xml:58:17-122
176                android:value="com.google.firebase.components.ComponentRegistrar" />
176-->[com.google.firebase:firebase-messaging:23.3.1] AndroidManifest.xml:59:17-82
177            <meta-data
177-->[com.google.firebase:firebase-messaging:23.3.1] AndroidManifest.xml:60:13-62:85
178                android:name="com.google.firebase.components:com.google.firebase.messaging.FirebaseMessagingRegistrar"
178-->[com.google.firebase:firebase-messaging:23.3.1] AndroidManifest.xml:61:17-119
179                android:value="com.google.firebase.components.ComponentRegistrar" />
179-->[com.google.firebase:firebase-messaging:23.3.1] AndroidManifest.xml:62:17-82
180            <meta-data
180-->[com.google.firebase:firebase-appcheck:17.1.1] AndroidManifest.xml:25:13-27:85
181                android:name="com.google.firebase.components:com.google.firebase.appcheck.FirebaseAppCheckKtxRegistrar"
181-->[com.google.firebase:firebase-appcheck:17.1.1] AndroidManifest.xml:26:17-120
182                android:value="com.google.firebase.components.ComponentRegistrar" />
182-->[com.google.firebase:firebase-appcheck:17.1.1] AndroidManifest.xml:27:17-82
183            <meta-data
183-->[com.google.firebase:firebase-appcheck:17.1.1] AndroidManifest.xml:28:13-30:85
184                android:name="com.google.firebase.components:com.google.firebase.appcheck.FirebaseAppCheckRegistrar"
184-->[com.google.firebase:firebase-appcheck:17.1.1] AndroidManifest.xml:29:17-117
185                android:value="com.google.firebase.components.ComponentRegistrar" />
185-->[com.google.firebase:firebase-appcheck:17.1.1] AndroidManifest.xml:30:17-82
186            <meta-data
186-->[com.google.firebase:firebase-iid:21.1.0] AndroidManifest.xml:32:13-34:85
187                android:name="com.google.firebase.components:com.google.firebase.iid.Registrar"
187-->[com.google.firebase:firebase-iid:21.1.0] AndroidManifest.xml:33:17-96
188                android:value="com.google.firebase.components.ComponentRegistrar" />
188-->[com.google.firebase:firebase-iid:21.1.0] AndroidManifest.xml:34:17-82
189            <meta-data
189-->[com.google.android.gms:play-services-measurement-api:21.5.0] AndroidManifest.xml:37:13-39:85
190                android:name="com.google.firebase.components:com.google.firebase.analytics.connector.internal.AnalyticsConnectorRegistrar"
190-->[com.google.android.gms:play-services-measurement-api:21.5.0] AndroidManifest.xml:38:17-139
191                android:value="com.google.firebase.components.ComponentRegistrar" />
191-->[com.google.android.gms:play-services-measurement-api:21.5.0] AndroidManifest.xml:39:17-82
192            <meta-data
192-->[com.google.firebase:firebase-installations:17.2.0] AndroidManifest.xml:15:13-17:85
193                android:name="com.google.firebase.components:com.google.firebase.installations.FirebaseInstallationsKtxRegistrar"
193-->[com.google.firebase:firebase-installations:17.2.0] AndroidManifest.xml:16:17-130
194                android:value="com.google.firebase.components.ComponentRegistrar" />
194-->[com.google.firebase:firebase-installations:17.2.0] AndroidManifest.xml:17:17-82
195            <meta-data
195-->[com.google.firebase:firebase-installations:17.2.0] AndroidManifest.xml:18:13-20:85
196                android:name="com.google.firebase.components:com.google.firebase.installations.FirebaseInstallationsRegistrar"
196-->[com.google.firebase:firebase-installations:17.2.0] AndroidManifest.xml:19:17-127
197                android:value="com.google.firebase.components.ComponentRegistrar" />
197-->[com.google.firebase:firebase-installations:17.2.0] AndroidManifest.xml:20:17-82
198            <meta-data
198-->[com.google.firebase:firebase-common-ktx:20.4.2] AndroidManifest.xml:12:13-14:85
199                android:name="com.google.firebase.components:com.google.firebase.ktx.FirebaseCommonLegacyRegistrar"
199-->[com.google.firebase:firebase-common-ktx:20.4.2] AndroidManifest.xml:13:17-116
200                android:value="com.google.firebase.components.ComponentRegistrar" />
200-->[com.google.firebase:firebase-common-ktx:20.4.2] AndroidManifest.xml:14:17-82
201            <meta-data
201-->[com.google.firebase:firebase-common:20.4.2] AndroidManifest.xml:35:13-37:85
202                android:name="com.google.firebase.components:com.google.firebase.FirebaseCommonKtxRegistrar"
202-->[com.google.firebase:firebase-common:20.4.2] AndroidManifest.xml:36:17-109
203                android:value="com.google.firebase.components.ComponentRegistrar" />
203-->[com.google.firebase:firebase-common:20.4.2] AndroidManifest.xml:37:17-82
204            <meta-data
204-->[com.google.firebase:firebase-datatransport:18.1.7] AndroidManifest.xml:27:13-29:85
205                android:name="com.google.firebase.components:com.google.firebase.datatransport.TransportRegistrar"
205-->[com.google.firebase:firebase-datatransport:18.1.7] AndroidManifest.xml:28:17-115
206                android:value="com.google.firebase.components.ComponentRegistrar" />
206-->[com.google.firebase:firebase-datatransport:18.1.7] AndroidManifest.xml:29:17-82
207        </service>
208        <service
208-->[:firebase_messaging] AndroidManifest.xml:16:9-19:72
209            android:name="io.flutter.plugins.firebase.messaging.FlutterFirebaseMessagingBackgroundService"
209-->[:firebase_messaging] AndroidManifest.xml:17:13-107
210            android:exported="false"
210-->[:firebase_messaging] AndroidManifest.xml:18:13-37
211            android:permission="android.permission.BIND_JOB_SERVICE" />
211-->[:firebase_messaging] AndroidManifest.xml:19:13-69
212        <service
212-->[:firebase_messaging] AndroidManifest.xml:20:9-26:19
213            android:name="io.flutter.plugins.firebase.messaging.FlutterFirebaseMessagingService"
213-->[:firebase_messaging] AndroidManifest.xml:21:13-97
214            android:exported="false" >
214-->[:firebase_messaging] AndroidManifest.xml:22:13-37
215            <intent-filter>
215-->[:firebase_messaging] AndroidManifest.xml:23:13-25:29
216                <action android:name="com.google.firebase.MESSAGING_EVENT" />
216-->[:firebase_messaging] AndroidManifest.xml:24:17-78
216-->[:firebase_messaging] AndroidManifest.xml:24:25-75
217            </intent-filter>
218        </service>
219
220        <receiver
220-->[:firebase_messaging] AndroidManifest.xml:28:9-35:20
221            android:name="io.flutter.plugins.firebase.messaging.FlutterFirebaseMessagingReceiver"
221-->[:firebase_messaging] AndroidManifest.xml:29:13-98
222            android:exported="true"
222-->[:firebase_messaging] AndroidManifest.xml:30:13-36
223            android:permission="com.google.android.c2dm.permission.SEND" >
223-->[:firebase_messaging] AndroidManifest.xml:31:13-73
224            <intent-filter>
224-->[:firebase_messaging] AndroidManifest.xml:32:13-34:29
225                <action android:name="com.google.android.c2dm.intent.RECEIVE" />
225-->[:firebase_messaging] AndroidManifest.xml:33:17-81
225-->[:firebase_messaging] AndroidManifest.xml:33:25-78
226            </intent-filter>
227        </receiver>
228
229        <provider
229-->[:firebase_messaging] AndroidManifest.xml:43:9-47:38
230            android:name="io.flutter.plugins.firebase.messaging.FlutterFirebaseMessagingInitProvider"
230-->[:firebase_messaging] AndroidManifest.xml:44:13-102
231            android:authorities="com.securedoor.startandearn.start_and_earn.flutterfirebasemessaginginitprovider"
231-->[:firebase_messaging] AndroidManifest.xml:45:13-88
232            android:exported="false"
232-->[:firebase_messaging] AndroidManifest.xml:46:13-37
233            android:initOrder="99" />
233-->[:firebase_messaging] AndroidManifest.xml:47:13-35
234        <provider
234-->[:image_picker_android] AndroidManifest.xml:10:9-18:20
235            android:name="io.flutter.plugins.imagepicker.ImagePickerFileProvider"
235-->[:image_picker_android] AndroidManifest.xml:11:13-82
236            android:authorities="com.securedoor.startandearn.start_and_earn.flutter.image_provider"
236-->[:image_picker_android] AndroidManifest.xml:12:13-74
237            android:exported="false"
237-->[:image_picker_android] AndroidManifest.xml:13:13-37
238            android:grantUriPermissions="true" >
238-->[:image_picker_android] AndroidManifest.xml:14:13-47
239            <meta-data
239-->[:image_picker_android] AndroidManifest.xml:15:13-17:75
240                android:name="android.support.FILE_PROVIDER_PATHS"
240-->[:image_picker_android] AndroidManifest.xml:16:17-67
241                android:resource="@xml/flutter_image_picker_file_paths" />
241-->[:image_picker_android] AndroidManifest.xml:17:17-72
242        </provider>
243
244        <activity
244-->[:url_launcher_android] AndroidManifest.xml:10:9-13:74
245            android:name="io.flutter.plugins.urllauncher.WebViewActivity"
245-->[:url_launcher_android] AndroidManifest.xml:11:13-74
246            android:exported="false"
246-->[:url_launcher_android] AndroidManifest.xml:12:13-37
247            android:theme="@android:style/Theme.NoTitleBar.Fullscreen" />
247-->[:url_launcher_android] AndroidManifest.xml:13:13-71
248        <activity
248-->[com.unity3d.ads:unity-ads:4.9.1] AndroidManifest.xml:13:9-18:74
249            android:name="com.unity3d.services.ads.adunit.AdUnitActivity"
249-->[com.unity3d.ads:unity-ads:4.9.1] AndroidManifest.xml:14:13-74
250            android:configChanges="fontScale|keyboard|keyboardHidden|locale|mnc|mcc|navigation|orientation|screenLayout|screenSize|smallestScreenSize|uiMode|touchscreen"
250-->[com.unity3d.ads:unity-ads:4.9.1] AndroidManifest.xml:15:13-170
251            android:exported="false"
251-->[com.unity3d.ads:unity-ads:4.9.1] AndroidManifest.xml:16:13-37
252            android:hardwareAccelerated="true"
252-->[com.unity3d.ads:unity-ads:4.9.1] AndroidManifest.xml:17:13-47
253            android:theme="@android:style/Theme.NoTitleBar.Fullscreen" />
253-->[com.unity3d.ads:unity-ads:4.9.1] AndroidManifest.xml:18:13-71
254        <activity
254-->[com.unity3d.ads:unity-ads:4.9.1] AndroidManifest.xml:19:9-24:86
255            android:name="com.unity3d.services.ads.adunit.AdUnitTransparentActivity"
255-->[com.unity3d.ads:unity-ads:4.9.1] AndroidManifest.xml:20:13-85
256            android:configChanges="fontScale|keyboard|keyboardHidden|locale|mnc|mcc|navigation|orientation|screenLayout|screenSize|smallestScreenSize|uiMode|touchscreen"
256-->[com.unity3d.ads:unity-ads:4.9.1] AndroidManifest.xml:21:13-170
257            android:exported="false"
257-->[com.unity3d.ads:unity-ads:4.9.1] AndroidManifest.xml:22:13-37
258            android:hardwareAccelerated="true"
258-->[com.unity3d.ads:unity-ads:4.9.1] AndroidManifest.xml:23:13-47
259            android:theme="@android:style/Theme.Translucent.NoTitleBar.Fullscreen" />
259-->[com.unity3d.ads:unity-ads:4.9.1] AndroidManifest.xml:24:13-83
260        <activity
260-->[com.unity3d.ads:unity-ads:4.9.1] AndroidManifest.xml:25:9-30:86
261            android:name="com.unity3d.services.ads.adunit.AdUnitTransparentSoftwareActivity"
261-->[com.unity3d.ads:unity-ads:4.9.1] AndroidManifest.xml:26:13-93
262            android:configChanges="fontScale|keyboard|keyboardHidden|locale|mnc|mcc|navigation|orientation|screenLayout|screenSize|smallestScreenSize|uiMode|touchscreen"
262-->[com.unity3d.ads:unity-ads:4.9.1] AndroidManifest.xml:27:13-170
263            android:exported="false"
263-->[com.unity3d.ads:unity-ads:4.9.1] AndroidManifest.xml:28:13-37
264            android:hardwareAccelerated="false"
264-->[com.unity3d.ads:unity-ads:4.9.1] AndroidManifest.xml:29:13-48
265            android:theme="@android:style/Theme.Translucent.NoTitleBar.Fullscreen" />
265-->[com.unity3d.ads:unity-ads:4.9.1] AndroidManifest.xml:30:13-83
266        <activity
266-->[com.unity3d.ads:unity-ads:4.9.1] AndroidManifest.xml:31:9-36:74
267            android:name="com.unity3d.services.ads.adunit.AdUnitSoftwareActivity"
267-->[com.unity3d.ads:unity-ads:4.9.1] AndroidManifest.xml:32:13-82
268            android:configChanges="fontScale|keyboard|keyboardHidden|locale|mnc|mcc|navigation|orientation|screenLayout|screenSize|smallestScreenSize|uiMode|touchscreen"
268-->[com.unity3d.ads:unity-ads:4.9.1] AndroidManifest.xml:33:13-170
269            android:exported="false"
269-->[com.unity3d.ads:unity-ads:4.9.1] AndroidManifest.xml:34:13-37
270            android:hardwareAccelerated="false"
270-->[com.unity3d.ads:unity-ads:4.9.1] AndroidManifest.xml:35:13-48
271            android:theme="@android:style/Theme.NoTitleBar.Fullscreen" />
271-->[com.unity3d.ads:unity-ads:4.9.1] AndroidManifest.xml:36:13-71
272
273        <provider
273-->[com.unity3d.ads:unity-ads:4.9.1] AndroidManifest.xml:38:9-52:20
274            android:name="androidx.startup.InitializationProvider"
274-->[com.unity3d.ads:unity-ads:4.9.1] AndroidManifest.xml:39:13-67
275            android:authorities="com.securedoor.startandearn.start_and_earn.androidx-startup"
275-->[com.unity3d.ads:unity-ads:4.9.1] AndroidManifest.xml:40:13-68
276            android:exported="false" >